* using log directory ‘/home/richet/Sync/Travail/libKriging/github/alien/libKriging/bindings/R/rlibkriging.Rcheck’
* using R version 4.0.3 (2020-10-10)
* using platform: x86_64-pc-linux-gnu (64-bit)
* using session charset: UTF-8
* checking for file ‘rlibkriging/DESCRIPTION’ ... OK
* checking extension type ... Package
* this is package ‘rlibkriging’ version ‘0.1-10’
* package encoding: UTF-8
* checking package namespace information ... OK
* checking package dependencies ... OK
* checking if this is a source package ... WARNING
Subdirectory ‘rlibkriging/src’ contains apparent object files/libraries
  RcppExports.o bench.o kriging_binding.o linear_regressions_binding.o
  rlibkriging.so
Object files/libraries should not be included in a source package.
* checking if there is a namespace ... OK
* checking for executable files ... OK
* checking for hidden files and directories ... NOTE
Found the following hidden files and directories:
  .Rhistory
  src/.Rbuildignore
  .Rproj.user
These were most likely included in error. See section ‘Package
structure’ in the ‘Writing R Extensions’ manual.
* checking for portable file names ... OK
* checking for sufficient/correct file permissions ... OK
* checking whether package ‘rlibkriging’ can be installed ... WARNING
Found the following significant warnings:
  Warning: multiple methods tables found for ‘update’
See ‘/home/richet/Sync/Travail/libKriging/github/alien/libKriging/bindings/R/rlibkriging.Rcheck/00install.out’ for details.
* checking installed package size ... NOTE
  installed size is  5.5Mb
  sub-directories of 1Mb or more:
    libs   5.3Mb
* checking package directory ... OK
* checking DESCRIPTION meta-information ... NOTE
Checking should be performed on sources prepared by ‘R CMD build’.
* checking top-level files ... OK
* checking for left-over files ... OK
* checking index information ... OK
* checking package subdirectories ... OK
* checking R files for non-ASCII characters ... OK
* checking R files for syntax errors ... OK
* checking whether the package can be loaded ... OK
* checking whether the package can be loaded with stated dependencies ... OK
* checking whether the package can be unloaded cleanly ... OK
* checking whether the namespace can be loaded with stated dependencies ... NOTE
Warning: multiple methods tables found for ‘update’

A namespace must be able to be loaded with just the base namespace
loaded: otherwise if the namespace gets loaded by a saved object, the
session will be unable to start.

Probably some imports need to be declared in the NAMESPACE file.
* checking whether the namespace can be unloaded cleanly ... OK
* checking loading without being on the library search path ... OK
* checking dependencies in R code ... OK
* checking S3 generic/method consistency ... OK
* checking replacement functions ... OK
* checking foreign function calls ... OK
* checking R code for possible problems ... OK
* checking Rd files ... OK
* checking Rd metadata ... OK
* checking Rd cross-references ... OK
* checking for missing documentation entries ... WARNING
Undocumented code objects:
  ‘update’
Undocumented S4 methods:
  generic 'as.list' and siglist 'Kriging'
  generic 'predict' and siglist 'Kriging'
  generic 'predict' and siglist 'as_km'
  generic 'print' and siglist 'Kriging'
  generic 'simulate' and siglist 'Kriging'
  generic 'simulate' and siglist 'as_km'
All user-level objects in a package (including S4 classes and methods)
should have documentation entries.
See chapter ‘Writing R documentation files’ in the ‘Writing R
Extensions’ manual.
* checking for code/documentation mismatches ... OK
* checking Rd \usage sections ... OK
* checking Rd contents ... WARNING
Argument items with no description in Rd object 'update.as_km':
  ‘newF’

* checking for unstated dependencies in examples ... OK
* checking line endings in C/C++/Fortran sources/headers ... OK
* checking line endings in Makefiles ... OK
* checking compilation flags in Makevars ... OK
* checking for GNU extensions in Makefiles ... NOTE
GNU make is a SystemRequirements.
* checking for portable use of $(BLAS_LIBS) and $(LAPACK_LIBS) ... OK
* checking use of PKG_*FLAGS in Makefiles ... OK
* checking compiled code ... OK
* checking examples ... OK
* checking for unstated dependencies in ‘tests’ ... OK
* checking tests ... OK
  Running ‘testthat.R’
* checking PDF version of manual ... WARNING
LaTeX errors when creating PDF version.
This typically indicates Rd problems.
* checking PDF version of manual without hyperrefs or index ... OK
* DONE
Status: 5 WARNINGs, 5 NOTEs
