Hmm ... looks like a package
This is pdfTeX, Version 3.14159265-2.6-1.40.21 (TeX Live 2020) (preloaded format=pdflatex)
 restricted \write18 enabled.
entering extended mode
(./Rd2.tex
LaTeX2e <2020-10-01> patch level 2
L3 programming layer <2020-12-07> xparse <2020-03-03>
(/home/richet/.TinyTeX/texmf-dist/tex/latex/base/book.cls
Document Class: book 2020/04/10 v1.4m Standard LaTeX document class
(/home/richet/.TinyTeX/texmf-dist/tex/latex/base/bk10.clo))
(/usr/share/R/share/texmf/tex/latex/Rd.sty
(/home/richet/.TinyTeX/texmf-dist/tex/latex/base/ifthen.sty)
(/home/richet/.TinyTeX/texmf-dist/tex/latex/tools/longtable.sty)
(/home/richet/.TinyTeX/texmf-dist/tex/latex/tools/bm.sty)
(/home/richet/.TinyTeX/texmf-dist/tex/latex/base/alltt.sty)
(/home/richet/.TinyTeX/texmf-dist/tex/latex/tools/verbatim.sty)
(/home/richet/.TinyTeX/texmf-dist/tex/latex/url/url.sty)
(/home/richet/.TinyTeX/texmf-dist/tex/latex/base/textcomp.sty))
(/home/richet/.TinyTeX/texmf-dist/tex/latex/base/inputenc.sty)
(/home/richet/.TinyTeX/texmf-dist/tex/latex/l3backend/l3backend-pdftex.def)
No file Rd2.aux.

LaTeX Font Warning: Font shape `OML/cmtt/m/n' undefined
(Font)              using `OML/cmm/m/it' instead
(Font)              for symbol `textless' on input line 19.

No file Rd2.toc.
(/home/richet/.TinyTeX/texmf-dist/tex/latex/base/ts1cmtt.fd) [1{/home/richet/.T
inyTeX/texmf-var/fonts/map/pdftex/updmap/pdftex.map}] [2]
Overfull \hbox (3.91733pt too wide) in paragraph at lines 145--146
[]\OT1/cmr/m/n/10 optimization al-go-rithm used on es-tim.method ob-jec-tive. S
up-ports "BFGS" 

Overfull \hbox (8.60707pt too wide) in paragraph at lines 147--148
[]\OT1/cmr/m/n/10 initial val-ues of co-vari-ance range which will be op-ti-mze
d us-ing op-tim.method 
[3]
Overfull \hbox (82.00034pt too wide) in paragraph at lines 170--170
 []\OT1/cmtt/m/n/9 #m1 <- km(design=design.fact, response=y,covtype = "gauss",p
arinit = c(.5,1),control = list(trace=F))[] 
[4] [5] [6] [7] [8]
Overfull \hbox (105.62506pt too wide) in paragraph at lines 470--470
 []\OT1/cmtt/m/n/9 #m1 <-      km(design=design.fact, response=y,covtype = "gau
ss",parinit = c(.5,1),control = list(trace=F))[] 

Overfull \hbox (39.47583pt too wide) in paragraph at lines 472--472
 []\OT1/cmtt/m/n/9 as_p = predict(as_m1,newdata=matrix(.5,ncol=2),type="UK",che
ckNames=FALSE,light.return=TRUE)[] 
[9] [10] [11] [12] [13] [14] [15] (./Rd2.aux)

LaTeX Font Warning: Some font shapes were not available, defaults substituted.

 )
(see the transcript file for additional information) </home/richet/.TinyTeX/tex
mf-var/fonts/pk/ljfour/jknappen/ec/tctt0900.600pk> </home/richet/.TinyTeX/texmf
-var/fonts/pk/ljfour/jknappen/ec/tctt1000.600pk></home/richet/.TinyTeX/texmf-di
st/fonts/type1/public/amsfonts/cm/cmbx10.pfb></home/richet/.TinyTeX/texmf-dist/
fonts/type1/public/amsfonts/cm/cmbx12.pfb></home/richet/.TinyTeX/texmf-dist/fon
ts/type1/public/amsfonts/cm/cmmi10.pfb></home/richet/.TinyTeX/texmf-dist/fonts/
type1/public/amsfonts/cm/cmr10.pfb></home/richet/.TinyTeX/texmf-dist/fonts/type
1/public/amsfonts/cm/cmr12.pfb></home/richet/.TinyTeX/texmf-dist/fonts/type1/pu
blic/amsfonts/cm/cmsl10.pfb></home/richet/.TinyTeX/texmf-dist/fonts/type1/publi
c/amsfonts/cm/cmss12.pfb></home/richet/.TinyTeX/texmf-dist/fonts/type1/public/a
msfonts/cm/cmti10.pfb></home/richet/.TinyTeX/texmf-dist/fonts/type1/public/amsf
onts/cm/cmtt10.pfb></home/richet/.TinyTeX/texmf-dist/fonts/type1/public/amsfont
s/cm/cmtt9.pfb>
Output written on Rd2.pdf (15 pages, 156410 bytes).
Transcript written on Rd2.log.
This is pdfTeX, Version 3.14159265-2.6-1.40.21 (TeX Live 2020) (preloaded format=pdflatex)
 restricted \write18 enabled.
entering extended mode
(./Rd2.tex
LaTeX2e <2020-10-01> patch level 2
L3 programming layer <2020-12-07> xparse <2020-03-03>
(/home/richet/.TinyTeX/texmf-dist/tex/latex/base/book.cls
Document Class: book 2020/04/10 v1.4m Standard LaTeX document class
(/home/richet/.TinyTeX/texmf-dist/tex/latex/base/bk10.clo))
(/usr/share/R/share/texmf/tex/latex/Rd.sty
(/home/richet/.TinyTeX/texmf-dist/tex/latex/base/ifthen.sty)
(/home/richet/.TinyTeX/texmf-dist/tex/latex/tools/longtable.sty)
(/home/richet/.TinyTeX/texmf-dist/tex/latex/tools/bm.sty)
(/home/richet/.TinyTeX/texmf-dist/tex/latex/base/alltt.sty)
(/home/richet/.TinyTeX/texmf-dist/tex/latex/tools/verbatim.sty)
(/home/richet/.TinyTeX/texmf-dist/tex/latex/url/url.sty)
(/home/richet/.TinyTeX/texmf-dist/tex/latex/base/textcomp.sty))
(/home/richet/.TinyTeX/texmf-dist/tex/latex/base/inputenc.sty)
(/home/richet/.TinyTeX/texmf-dist/tex/latex/l3backend/l3backend-pdftex.def)
(./Rd2.aux)

LaTeX Font Warning: Font shape `OML/cmtt/m/n' undefined
(Font)              using `OML/cmm/m/it' instead
(Font)              for symbol `textless' on input line 19.

(./Rd2.toc [1{/home/richet/.TinyTeX/texmf-var/fonts/map/pdftex/updmap/pdftex.ma
p}]) (/home/richet/.TinyTeX/texmf-dist/tex/latex/base/ts1cmtt.fd) [2] [3]
Overfull \hbox (3.91733pt too wide) in paragraph at lines 145--146
[]\OT1/cmr/m/n/10 optimization al-go-rithm used on es-tim.method ob-jec-tive. S
up-ports "BFGS" 

Overfull \hbox (8.60707pt too wide) in paragraph at lines 147--148
[]\OT1/cmr/m/n/10 initial val-ues of co-vari-ance range which will be op-ti-mze
d us-ing op-tim.method 

Overfull \hbox (82.00034pt too wide) in paragraph at lines 170--170
 []\OT1/cmtt/m/n/9 #m1 <- km(design=design.fact, response=y,covtype = "gauss",p
arinit = c(.5,1),control = list(trace=F))[] 
[4] [5] [6] [7] [8] [9]
Overfull \hbox (105.62506pt too wide) in paragraph at lines 470--470
 []\OT1/cmtt/m/n/9 #m1 <-      km(design=design.fact, response=y,covtype = "gau
ss",parinit = c(.5,1),control = list(trace=F))[] 

Overfull \hbox (39.47583pt too wide) in paragraph at lines 472--472
 []\OT1/cmtt/m/n/9 as_p = predict(as_m1,newdata=matrix(.5,ncol=2),type="UK",che
ckNames=FALSE,light.return=TRUE)[] 
[10] [11] [12] [13] [14] [15] [16] (./Rd2.aux)

LaTeX Font Warning: Some font shapes were not available, defaults substituted.

 )
(see the transcript file for additional information) </home/richet/.TinyTeX/tex
mf-var/fonts/pk/ljfour/jknappen/ec/tctt0900.600pk> </home/richet/.TinyTeX/texmf
-var/fonts/pk/ljfour/jknappen/ec/tctt1000.600pk></home/richet/.TinyTeX/texmf-di
st/fonts/type1/public/amsfonts/cm/cmbx10.pfb></home/richet/.TinyTeX/texmf-dist/
fonts/type1/public/amsfonts/cm/cmbx12.pfb></home/richet/.TinyTeX/texmf-dist/fon
ts/type1/public/amsfonts/cm/cmmi10.pfb></home/richet/.TinyTeX/texmf-dist/fonts/
type1/public/amsfonts/cm/cmr10.pfb></home/richet/.TinyTeX/texmf-dist/fonts/type
1/public/amsfonts/cm/cmr12.pfb></home/richet/.TinyTeX/texmf-dist/fonts/type1/pu
blic/amsfonts/cm/cmsl10.pfb></home/richet/.TinyTeX/texmf-dist/fonts/type1/publi
c/amsfonts/cm/cmss12.pfb></home/richet/.TinyTeX/texmf-dist/fonts/type1/public/a
msfonts/cm/cmti10.pfb></home/richet/.TinyTeX/texmf-dist/fonts/type1/public/amsf
onts/cm/cmtt10.pfb></home/richet/.TinyTeX/texmf-dist/fonts/type1/public/amsfont
s/cm/cmtt9.pfb>
Output written on Rd2.pdf (16 pages, 157073 bytes).
Transcript written on Rd2.log.
Saving output to ‘rlibkriging-manual.pdf’ ...
Done
You may want to clean up by 'rm -Rf /tmp/Rtmp45JDUT/Rd2pdf9adc66fd3312'
